Copyright 1986-2019 Xilinx, Inc. All Rights Reserved.
----------------------------------------------------------------------------------------------------------------------------------------------------------
| Tool Version     : Vivado v.2019.2 (win64) Build 2708876 Wed Nov  6 21:40:23 MST 2019
| Date             : Tue Nov 10 16:15:37 2020
| Host             : CEBA-X1C running 64-bit major release  (build 9200)
| Command          : report_power -file soc_lite_top_power_routed.rpt -pb soc_lite_top_power_summary_routed.pb -rpx soc_lite_top_power_routed.rpx
| Design           : soc_lite_top
| Device           : xc7a200tfbg676-2
| Design State     : routed
| Grade            : commercial
| Process          : typical
| Characterization : Production
----------------------------------------------------------------------------------------------------------------------------------------------------------

Power Report

Table of Contents
-----------------
1. Summary
1.1 On-Chip Components
1.2 Power Supply Summary
1.3 Confidence Level
2. Settings
2.1 Environment
2.2 Clock Constraints
3. Detailed Reports
3.1 By Hierarchy

1. Summary
----------

+--------------------------+--------------+
| Total On-Chip Power (W)  | 0.318        |
| Design Power Budget (W)  | Unspecified* |
| Power Budget Margin (W)  | NA           |
| Dynamic (W)              | 0.164        |
| Device Static (W)        | 0.153        |
| Effective TJA (C/W)      | 1.9          |
| Max Ambient (C)          | 84.4         |
| Junction Temperature (C) | 25.6         |
| Confidence Level         | Low          |
| Setting File             | ---          |
| Simulation Activity File | ---          |
| Design Nets Matched      | NA           |
+--------------------------+--------------+
* Specify Design Power Budget using, set_operating_conditions -design_power_budget <value in Watts>


1.1 On-Chip Components
----------------------

+--------------------------+-----------+----------+-----------+-----------------+
| On-Chip                  | Power (W) | Used     | Available | Utilization (%) |
+--------------------------+-----------+----------+-----------+-----------------+
| Clocks                   |     0.012 |        6 |       --- |             --- |
| Slice Logic              |     0.010 |     8720 |       --- |             --- |
|   LUT as Logic           |     0.009 |     3447 |    133800 |            2.58 |
|   CARRY4                 |    <0.001 |      223 |     33450 |            0.67 |
|   Register               |    <0.001 |     2957 |    267600 |            1.11 |
|   LUT as Distributed RAM |    <0.001 |       64 |     46200 |            0.14 |
|   F7/F8 Muxes            |    <0.001 |      492 |    133800 |            0.37 |
|   LUT as Shift Register  |    <0.001 |        6 |     46200 |            0.01 |
|   Others                 |     0.000 |     1023 |       --- |             --- |
| Signals                  |     0.026 |     8571 |       --- |             --- |
| Block RAM                |     0.008 |      320 |       365 |           87.67 |
| PLL                      |     0.100 |        1 |        10 |           10.00 |
| DSPs                     |     0.003 |        7 |       740 |            0.95 |
| I/O                      |     0.005 |       55 |       400 |           13.75 |
| Static Power             |     0.153 |          |           |                 |
| Total                    |     0.318 |          |           |                 |
+--------------------------+-----------+----------+-----------+-----------------+


1.2 Power Supply Summary
------------------------

+-----------+-------------+-----------+-------------+------------+
| Source    | Voltage (V) | Total (A) | Dynamic (A) | Static (A) |
+-----------+-------------+-----------+-------------+------------+
| Vccint    |       1.000 |     0.104 |       0.066 |      0.038 |
| Vccaux    |       1.800 |     0.082 |       0.051 |      0.031 |
| Vcco33    |       3.300 |     0.006 |       0.001 |      0.005 |
| Vcco25    |       2.500 |     0.000 |       0.000 |      0.000 |
| Vcco18    |       1.800 |     0.000 |       0.000 |      0.000 |
| Vcco15    |       1.500 |     0.000 |       0.000 |      0.000 |
| Vcco135   |       1.350 |     0.000 |       0.000 |      0.000 |
| Vcco12    |       1.200 |     0.000 |       0.000 |      0.000 |
| Vccaux_io |       1.800 |     0.000 |       0.000 |      0.000 |
| Vccbram   |       1.000 |     0.009 |       0.001 |      0.008 |
| MGTAVcc   |       1.000 |     0.000 |       0.000 |      0.000 |
| MGTAVtt   |       1.200 |     0.000 |       0.000 |      0.000 |
| Vccadc    |       1.800 |     0.020 |       0.000 |      0.020 |
+-----------+-------------+-----------+-------------+------------+


1.3 Confidence Level
--------------------

+-----------------------------+------------+--------------------------------------------------------+------------------------------------------------------------------------------------------------------------+
| User Input Data             | Confidence | Details                                                | Action                                                                                                     |
+-----------------------------+------------+--------------------------------------------------------+------------------------------------------------------------------------------------------------------------+
| Design implementation state | High       | Design is routed                                       |                                                                                                            |
| Clock nodes activity        | High       | User specified more than 95% of clocks                 |                                                                                                            |
| I/O nodes activity          | Low        | More than 75% of inputs are missing user specification | Provide missing input activity with simulation results or by editing the "By Resource Type -> I/Os" view   |
| Internal nodes activity     | Medium     | User specified less than 25% of internal nodes         | Provide missing internal nodes activity with simulation results or by editing the "By Resource Type" views |
| Device models               | High       | Device models are Production                           |                                                                                                            |
|                             |            |                                                        |                                                                                                            |
| Overall confidence level    | Low        |                                                        |                                                                                                            |
+-----------------------------+------------+--------------------------------------------------------+------------------------------------------------------------------------------------------------------------+


2. Settings
-----------

2.1 Environment
---------------

+-----------------------+--------------------------+
| Ambient Temp (C)      | 25.0                     |
| ThetaJA (C/W)         | 1.9                      |
| Airflow (LFM)         | 250                      |
| Heat Sink             | medium (Medium Profile)  |
| ThetaSA (C/W)         | 3.4                      |
| Board Selection       | medium (10"x10")         |
| # of Board Layers     | 12to15 (12 to 15 Layers) |
| Board Temperature (C) | 25.0                     |
+-----------------------+--------------------------+


2.2 Clock Constraints
---------------------

+-------------------+------------------------------------+-----------------+
| Clock             | Domain                             | Constraint (ns) |
+-------------------+------------------------------------+-----------------+
| clk               | clk                                |            10.0 |
| clkfbout_clk_pll  | pll.clk_pll/inst/clkfbout_clk_pll  |            10.0 |
| cpu_clk_clk_pll   | pll.clk_pll/inst/cpu_clk_clk_pll   |            20.0 |
| timer_clk_clk_pll | pll.clk_pll/inst/timer_clk_clk_pll |            10.0 |
+-------------------+------------------------------------+-----------------+


3. Detailed Reports
-------------------

3.1 By Hierarchy
----------------

+--------------------------+-----------+
| Name                     | Power (W) |
+--------------------------+-----------+
| soc_lite_top             |     0.164 |
|   confreg                |     0.004 |
|   cpu                    |     0.041 |
|     exe_stage            |     0.025 |
|       u_signed_divider   |     0.006 |
|       u_unsigned_divider |     0.005 |
|     id_stage             |     0.003 |
|     mem_stage            |     0.001 |
|     wb_stage             |     0.011 |
|       u_cp0              |     0.010 |
|   data_ram               |     0.005 |
|     U0                   |     0.005 |
|       inst_blk_mem_gen   |     0.005 |
|   inst_ram               |     0.007 |
|     U0                   |     0.007 |
|       inst_blk_mem_gen   |     0.007 |
|   pll.clk_pll            |     0.101 |
|     inst                 |     0.101 |
+--------------------------+-----------+


